Flow report for MIPS
Sat Dec  9 18:16:50 2023
Quartus Prime Version 22.1std.2 Build 922 07/20/2023 SC Lite Edition


---------------------
; Table of Contents ;
---------------------
  1. Legal Notice
  2. Flow Summary
  3. Flow Settings
  4. Flow Non-Default Global Settings
  5. Flow Elapsed Time
  6. Flow OS Summary
  7. Flow Log
  8. Flow Messages
  9. Flow Suppressed Messages



----------------
; Legal Notice ;
----------------
Copyright (C) 2023  Intel Corporation. All rights reserved.
Your use of Intel Corporation's design tools, logic functions 
and other software and tools, and any partner logic 
functions, and any output files from any of the foregoing 
(including device programming or simulation files), and any 
associated documentation or information are expressly subject 
to the terms and conditions of the Intel Program License 
Subscription Agreement, the Intel Quartus Prime License Agreement,
the Intel FPGA IP License Agreement, or other applicable license
agreement, including, without limitation, that your use is for
the sole purpose of programming logic devices manufactured by
Intel and sold by Intel or its authorized distributors.  Please
refer to the applicable agreement for further details, at
https://fpgasoftware.intel.com/eula.



+------------------------------------------------------------------------+
; Flow Summary                                                           ;
+-----------------------+------------------------------------------------+
; Flow Status           ; Successful - Sat Dec  9 18:16:50 2023          ;
; Quartus Prime Version ; 22.1std.2 Build 922 07/20/2023 SC Lite Edition ;
; Revision Name         ; MIPS                                           ;
; Top-level Entity Name ; and_mux                                        ;
; Family                ; MAX V                                          ;
; Total logic elements  ; 32 / 570 ( 6 % )                               ;
; Total pins            ; 98 / 159 ( 62 % )                              ;
; Total virtual pins    ; 0                                              ;
; UFM blocks            ; 0 / 1 ( 0 % )                                  ;
; Device                ; 5M570ZF256C4                                   ;
; Timing Models         ; Final                                          ;
+-----------------------+------------------------------------------------+


+-----------------------------------------+
; Flow Settings                           ;
+-------------------+---------------------+
; Option            ; Setting             ;
+-------------------+---------------------+
; Start date & time ; 12/09/2023 18:16:35 ;
; Main task         ; Compilation         ;
; Revision Name     ; MIPS                ;
+-------------------+---------------------+


+----------------------------------------------------------------------------------------------------------------------+
; Flow Non-Default Global Settings                                                                                     ;
+--------------------------------------+--------------------------------+---------------+-------------+----------------+
; Assignment Name                      ; Value                          ; Default Value ; Entity Name ; Section Id     ;
+--------------------------------------+--------------------------------+---------------+-------------+----------------+
; COMPILER_SIGNATURE_ID                ; 35315518826823.170215659520392 ; --            ; --          ; --             ;
; EDA_DESIGN_INSTANCE_NAME             ; NA                             ; --            ; --          ; AND_MUX_TB     ;
; EDA_DESIGN_INSTANCE_NAME             ; NA                             ; --            ; --          ; ALU_CONTROL_TB ;
; EDA_DESIGN_INSTANCE_NAME             ; NA                             ; --            ; --          ; ALU_TB         ;
; EDA_DESIGN_INSTANCE_NAME             ; NA                             ; --            ; --          ; MIPS_TB        ;
; EDA_NATIVELINK_SIMULATION_TEST_BENCH ; AND_MUX_TB                     ; --            ; --          ; eda_simulation ;
; EDA_OUTPUT_DATA_FORMAT               ; Verilog Hdl                    ; --            ; --          ; eda_simulation ;
; EDA_SIMULATION_TOOL                  ; ModelSim (Verilog)             ; <None>        ; --          ; --             ;
; EDA_TEST_BENCH_ENABLE_STATUS         ; TEST_BENCH_MODE                ; --            ; --          ; eda_simulation ;
; EDA_TEST_BENCH_FILE                  ; test_benches/and_mux_TB.v      ; --            ; --          ; AND_MUX_TB     ;
; EDA_TEST_BENCH_FILE                  ; test_benches/alu_control_TB.v  ; --            ; --          ; ALU_CONTROL_TB ;
; EDA_TEST_BENCH_FILE                  ; test_benches/alu_TB.v          ; --            ; --          ; ALU_TB         ;
; EDA_TEST_BENCH_FILE                  ; MIPS_TB.v                      ; --            ; --          ; MIPS_TB        ;
; EDA_TEST_BENCH_MODULE_NAME           ; AND_MUX_TB                     ; --            ; --          ; AND_MUX_TB     ;
; EDA_TEST_BENCH_MODULE_NAME           ; ALU_CONTROL_TB                 ; --            ; --          ; ALU_CONTROL_TB ;
; EDA_TEST_BENCH_MODULE_NAME           ; ALU_TB                         ; --            ; --          ; ALU_TB         ;
; EDA_TEST_BENCH_MODULE_NAME           ; MIPS_TB                        ; --            ; --          ; MIPS_TB        ;
; EDA_TEST_BENCH_NAME                  ; MIPS_TB                        ; --            ; --          ; eda_simulation ;
; EDA_TEST_BENCH_NAME                  ; ALU_TB                         ; --            ; --          ; eda_simulation ;
; EDA_TEST_BENCH_NAME                  ; ALU_CONTROL_TB                 ; --            ; --          ; eda_simulation ;
; EDA_TEST_BENCH_NAME                  ; AND_MUX_TB                     ; --            ; --          ; eda_simulation ;
; EDA_TIME_SCALE                       ; 1 ps                           ; --            ; --          ; eda_simulation ;
; PROJECT_OUTPUT_DIRECTORY             ; output_files                   ; --            ; --          ; --             ;
; TOP_LEVEL_ENTITY                     ; and_mux                        ; MIPS          ; --          ; --             ;
+--------------------------------------+--------------------------------+---------------+-------------+----------------+


+--------------------------------------------------------------------------------------------------------------------------+
; Flow Elapsed Time                                                                                                        ;
+----------------------+--------------+-------------------------+---------------------+------------------------------------+
; Module Name          ; Elapsed Time ; Average Processors Used ; Peak Virtual Memory ; Total CPU Time (on all processors) ;
+----------------------+--------------+-------------------------+---------------------+------------------------------------+
; Analysis & Synthesis ; 00:00:09     ; 1.0                     ; 341 MB              ; 00:00:22                           ;
; Fitter               ; 00:00:01     ; 1.0                     ; 526 MB              ; 00:00:01                           ;
; Assembler            ; 00:00:01     ; 1.0                     ; 331 MB              ; 00:00:00                           ;
; Timing Analyzer      ; 00:00:00     ; 1.0                     ; 323 MB              ; 00:00:00                           ;
; EDA Netlist Writer   ; 00:00:00     ; 1.0                     ; 576 MB              ; 00:00:00                           ;
; Total                ; 00:00:11     ; --                      ; --                  ; 00:00:23                           ;
+----------------------+--------------+-------------------------+---------------------+------------------------------------+


+----------------------------------------------------------------------------------+
; Flow OS Summary                                                                  ;
+----------------------+------------------+----------+------------+----------------+
; Module Name          ; Machine Hostname ; OS Name  ; OS Version ; Processor type ;
+----------------------+------------------+----------+------------+----------------+
; Analysis & Synthesis ; IBM5100          ; Zorin OS ; 16         ; x86_64         ;
; Fitter               ; IBM5100          ; Zorin OS ; 16         ; x86_64         ;
; Assembler            ; IBM5100          ; Zorin OS ; 16         ; x86_64         ;
; Timing Analyzer      ; IBM5100          ; Zorin OS ; 16         ; x86_64         ;
; EDA Netlist Writer   ; IBM5100          ; Zorin OS ; 16         ; x86_64         ;
+----------------------+------------------+----------+------------+----------------+


------------
; Flow Log ;
------------
quartus_map --read_settings_files=on --write_settings_files=off MIPS -c MIPS
quartus_fit --read_settings_files=off --write_settings_files=off MIPS -c MIPS
quartus_asm --read_settings_files=off --write_settings_files=off MIPS -c MIPS
quartus_sta MIPS -c MIPS
quartus_eda --read_settings_files=off --write_settings_files=off MIPS -c MIPS



